C51 COMPILER V9.55   MAIN                                                                  08/20/2016 11:21:18 PAGE 1   


C51 COMPILER V9.55, COMPILATION OF MODULE MAIN
OBJECT MODULE PLACED IN .\Objects\main.obj
COMPILER INVOKED BY: D:\Keil_v5\C51\BIN\C51.EXE src\main.c OPTIMIZE(8,SPEED) BROWSE DEBUG OBJECTEXTEND PRINT(.\Listings\
                    -main.lst) TABS(2) OBJECT(.\Objects\main.obj)

line level    source

   1          #include "uart_printf.h"
   2          #include "systime.h"
   3          #include "config.h"
   4          #include "wdt.h"
   5          
   6          #define POWER_OFF           0
   7          #define POWER_ON            1
   8          
   9          sbit INPUT = P3^4;
  10          sbit OUTPUT = P3^5;
  11          sbit LED = P3^3;
  12          
  13          uint16_t time_counter = 0;
  14          uint16_t zero_time_counter = 0;
  15          uint8_t key_temp_value;
  16          uint16_t key_debounced_count;
  17          uint16_t key_match_count;
  18          uint8_t power_state = POWER_OFF;
  19          BOOL start_check = false;
  20          
  21          void main()
  22          {
  23   1        LED = 0;
  24   1        delay_ms(5);
  25   1        uart_init();
  26   1        interrupts();
  27   1        OUTPUT = 0;
  28   1        wdt_enable(D_WDT_SCALE_4);//开门狗定时142.2ms 11.0592MHz
  29   1        while(1)
  30   1        {
  31   2          if((start_check == false) && (INPUT == 0))
  32   2          {
  33   3            send_string("start check\r\n");
  34   3            start_check = true;
  35   3            time_counter = 0;
  36   3            key_match_count = 0;
  37   3          }
  38   2          
  39   2          if((power_state == POWER_OFF) && (start_check == true))
  40   2          {
  41   3            time_counter ++;
  42   3            if(INPUT == 0)
  43   3            {
  44   4              key_match_count ++;
  45   4            }
  46   3            if(time_counter > 100)
  47   3            {
  48   4              start_check = false;
  49   4              time_counter = 0;
  50   4              if(key_match_count > 75)
  51   4              {
  52   5                send_string("power on\r\n");
  53   5                OUTPUT = 1;
  54   5                delay_ms(100);
C51 COMPILER V9.55   MAIN                                                                  08/20/2016 11:21:18 PAGE 2   

  55   5                LED = 1;
  56   5              }
  57   4              key_match_count = 0;
  58   4              while(!INPUT)
  59   4              {
  60   5                wdt_reset();
  61   5                power_state = POWER_ON;
  62   5                send_string("wait 1!\r\n"); 
  63   5              }
  64   4            }
  65   3          }
  66   2          if((power_state == POWER_ON) && (start_check == true))
  67   2          {
  68   3            time_counter ++;
  69   3            if(INPUT == 0)
  70   3            {
  71   4              key_match_count ++;
  72   4            }
  73   3            if(time_counter > 100)
  74   3            {
  75   4              start_check = false;
  76   4              time_counter = 0;
  77   4              if(key_match_count > 60)
  78   4              {
  79   5                send_string("power off\r\n");
  80   5                power_state = POWER_OFF;
  81   5                LED = 0;
  82   5                OUTPUT = 0;
  83   5              }
  84   4              key_match_count = 0;
  85   4              while(!INPUT)
  86   4              {
  87   5                wdt_reset();
  88   5                send_string("wait 2!\r\n"); 
  89   5              }
  90   4            }
  91   3          }
  92   2          delay1ms();
  93   2          wdt_reset();
  94   2        }
  95   1      }


MODULE INFORMATION:   STATIC OVERLAYABLE
   CODE SIZE        =    249    ----
   CONSTANT SIZE    =     57    ----
   XDATA SIZE       =   ----    ----
   PDATA SIZE       =   ----    ----
   DATA SIZE        =     10    ----
   IDATA SIZE       =   ----    ----
   BIT SIZE         =      1    ----
END OF MODULE INFORMATION.


C51 COMPILATION COMPLETE.  0 WARNING(S),  0 ERROR(S)
