C51 COMPILER V9.55   SYSTIME                                                               08/20/2016 11:21:18 PAGE 1   


C51 COMPILER V9.55, COMPILATION OF MODULE SYSTIME
OBJECT MODULE PLACED IN .\Objects\systime.obj
COMPILER INVOKED BY: D:\Keil_v5\C51\BIN\C51.EXE src\systime.c OPTIMIZE(8,SPEED) BROWSE DEBUG OBJECTEXTEND PRINT(.\Listin
                    -gs\systime.lst) TABS(2) OBJECT(.\Objects\systime.obj)

line level    source

   1          #include "systime.h"
   2          #include "intrins.h"
   3          
   4          void delay1ms(void)   //@11.0592MHz
   5          {
   6   1        unsigned char i, j;
   7   1        _nop_();
   8   1        _nop_();
   9   1        _nop_();
  10   1        i = 11;
  11   1        j = 190;
  12   1        do
  13   1        {
  14   2          while (--j);
  15   2        } while (--i);
  16   1      }
  17          
  18          void delay_ms(unsigned int ms)
  19          {
  20   1        while(--ms)
  21   1        delay1ms();
  22   1      }


MODULE INFORMATION:   STATIC OVERLAYABLE
   CODE SIZE        =     31    ----
   CONSTANT SIZE    =   ----    ----
   XDATA SIZE       =   ----    ----
   PDATA SIZE       =   ----    ----
   DATA SIZE        =   ----    ----
   IDATA SIZE       =   ----    ----
   BIT SIZE         =   ----    ----
END OF MODULE INFORMATION.


C51 COMPILATION COMPLETE.  0 WARNING(S),  0 ERROR(S)
