


ARM Macro Assembler    Page 1 


    1 00000000         ;/*-----------------------------------------------------
                       ----------------------------------------------------*/
    2 00000000         ;/*                                                     
                                                                           */
    3 00000000         ;/* Copyright(c) 2009 Nuvoton Technology Corp. All right
                       s reserved.                                         */
    4 00000000         ;/*                                                     
                                                                           */
    5 00000000         ;/*-----------------------------------------------------
                       ----------------------------------------------------*/
    6 00000000         
    7 00000000         
    8 00000000         ;;;;;;;;;;;;;;;;;;;;;;;;;;;;;;;;;;;;;;;;;;;;;;;;;;;
    9 00000000         
   10 00000000                 GBLL             SEMIHOSTED
   11 00000000 FALSE    
                       SEMIHOSTED
                               SETL             {FALSE}
   12 00000000         
   13 00000000         
   14 00000000         ;;;;;;;;;;;;;;;;;;;;;;;;;;;;;;;;;;;;;;;;;;;;;;;;;;;
   15 00000000         
   16 00000000         
   17 00000000         
   18 00000000 00000800 
                       Stack_Size
                               EQU              0x00000800
   19 00000000         
   20 00000000                 AREA             STACK, NOINIT, READWRITE, ALIGN
=3
   21 00000000         Stack_Mem
                               SPACE            Stack_Size
   22 00000800         __initial_sp
   23 00000800         
   24 00000800         
   25 00000800         ; <h> Heap Configuration
   26 00000800         ;   <o>  Heap Size (in Bytes) <0x0-0xFFFFFFFF:8>
   27 00000800         ; </h>
   28 00000800         
   29 00000800 00000200 
                       Heap_Size
                               EQU              0x00000200
   30 00000800         
   31 00000800                 AREA             HEAP, NOINIT, READWRITE, ALIGN=
3
   32 00000000         __heap_base
   33 00000000         Heap_Mem
                               SPACE            Heap_Size
   34 00000200         __heap_limit
   35 00000200         
   36 00000200         
   37 00000200                 PRESERVE8
   38 00000200                 THUMB
   39 00000200         
   40 00000200         
   41 00000200         ; Vector Table Mapped to Address 0 at Reset
   42 00000200                 AREA             RESET, DATA, READONLY
   43 00000000                 EXPORT           __Vectors
   44 00000000         



ARM Macro Assembler    Page 2 


   45 00000000 00000000 
                       __Vectors
                               DCD              __initial_sp ; Top of Stack
   46 00000004 00000000        DCD              Reset_Handler ; Reset Handler
   47 00000008 00000000        DCD              NMI_Handler ; NMI Handler
   48 0000000C 00000000        DCD              HardFault_Handler ; Hard Fault 
                                                            Handler
   49 00000010 00000000        DCD              0           ; Reserved
   50 00000014 00000000        DCD              0           ; Reserved
   51 00000018 00000000        DCD              0           ; Reserved
   52 0000001C 00000000        DCD              0           ; Reserved
   53 00000020 00000000        DCD              0           ; Reserved
   54 00000024 00000000        DCD              0           ; Reserved
   55 00000028 00000000        DCD              0           ; Reserved
   56 0000002C 00000000        DCD              SVC_Handler ; SVCall Handler
   57 00000030 00000000        DCD              0           ; Reserved
   58 00000034 00000000        DCD              0           ; Reserved
   59 00000038 00000000        DCD              PendSV_Handler ; PendSV Handler
                                                            
   60 0000003C 00000000        DCD              SysTick_Handler 
                                                            ; SysTick Handler
   61 00000040         
   62 00000040         ; External Interrupts
   63 00000040         ; maximum of 32 External Interrupts are possible
   64 00000040 00000000        DCD              BOD_IRQHandler
   65 00000044 00000000        DCD              WDT_IRQHandler
   66 00000048 00000000        DCD              EINT0_IRQHandler
   67 0000004C 00000000        DCD              EINT1_IRQHandler
   68 00000050 00000000        DCD              GPIOP0P1_IRQHandler
   69 00000054 00000000        DCD              GPIOP2P3P4_IRQHandler
   70 00000058 00000000        DCD              PWMA_IRQHandler
   71 0000005C 00000000        DCD              PWMB_IRQHandler
   72 00000060 00000000        DCD              TMR0_IRQHandler
   73 00000064 00000000        DCD              TMR1_IRQHandler
   74 00000068 00000000        DCD              TMR2_IRQHandler
   75 0000006C 00000000        DCD              TMR3_IRQHandler
   76 00000070 00000000        DCD              UART0_IRQHandler
   77 00000074 00000000        DCD              UART1_IRQHandler
   78 00000078 00000000        DCD              SPI0_IRQHandler
   79 0000007C 00000000        DCD              SPI1_IRQHandler
   80 00000080 00000000        DCD              SPI2_IRQHandler
   81 00000084 00000000        DCD              SPI3_IRQHandler
   82 00000088 00000000        DCD              I2C_IRQHandler
   83 0000008C 00000000        DCD              Default_Handler
   84 00000090 00000000        DCD              Default_Handler
   85 00000094 00000000        DCD              Default_Handler
   86 00000098 00000000        DCD              Default_Handler
   87 0000009C 00000000        DCD              Default_Handler
   88 000000A0 00000000        DCD              Default_Handler
   89 000000A4 00000000        DCD              Default_Handler
   90 000000A8 00000000        DCD              Default_Handler
   91 000000AC 00000000        DCD              Default_Handler
   92 000000B0 00000000        DCD              PWRWU_IRQHandler
   93 000000B4 00000000        DCD              ADC_IRQHandler
   94 000000B8 00000000        DCD              Default_Handler
   95 000000BC 00000000        DCD              Default_Handler
   96 000000C0         
   97 000000C0         
   98 000000C0                 AREA             |.text|, CODE, READONLY



ARM Macro Assembler    Page 3 


   99 00000000         
  100 00000000         
  101 00000000         
  102 00000000         ; Reset Handler 
  103 00000000         
  104 00000000                 ENTRY
  105 00000000         
  106 00000000         Reset_Handler
                               PROC
  107 00000000                 EXPORT           Reset_Handler             [WEAK
]
  108 00000000                 IMPORT           SystemInit
  109 00000000                 IMPORT           __main
  110 00000000         
  111 00000000 480C            LDR              R0, =0x50000100
  112 00000002         ; Unlock Register                
  113 00000002         
  114 00000002 490D            LDR              R1, =0x59
  115 00000004 6001            STR              R1, [R0]
  116 00000006 490D            LDR              R1, =0x16
  117 00000008 6001            STR              R1, [R0]
  118 0000000A 490D            LDR              R1, =0x88
  119 0000000C 6001            STR              R1, [R0]
  120 0000000E         
  121 0000000E         ; Init POR
  122 0000000E 4A0D            LDR              R2, =0x50000024
  123 00000010 490D            LDR              R1, =0x00005AA5
  124 00000012 6011            STR              R1, [R2]
  125 00000014         
  126 00000014         ; Disable NMI (Assign to reserved IRQ)
  127 00000014 4A0D            LDR              R2, =0x50000380
  128 00000016 490E            LDR              R1, =0x0000001F
  129 00000018 6011            STR              R1, [R2]
  130 0000001A         
  131 0000001A         ; Lock register
  132 0000001A 2100            MOVS             R1, #0
  133 0000001C 6001            STR              R1, [R0]
  134 0000001E         
  135 0000001E 480D            LDR              R0, =SystemInit
  136 00000020 4780            BLX              R0
  137 00000022 480D            LDR              R0, =__main
  138 00000024 4700            BX               R0
  139 00000026                 ENDP
  140 00000026         
  141 00000026         
  142 00000026         
  143 00000026         ; Dummy Exception Handlers (infinite loops which can be 
                       modified)                
  144 00000026         
  145 00000026         NMI_Handler
                               PROC
  146 00000026                 EXPORT           NMI_Handler               [WEAK
]
  147 00000026 E7FE            B                .
  148 00000028                 ENDP
  150 00000028         HardFault_Handler
                               PROC
  151 00000028                 EXPORT           HardFault_Handler         [WEAK
]



ARM Macro Assembler    Page 4 


  152 00000028                 IF               SEMIHOSTED
  164                          ENDIF
  165 00000028         
  166 00000028 E7FE            B                .
  167 0000002A                 ENDP
  168 0000002A         SVC_Handler
                               PROC
  169 0000002A                 EXPORT           SVC_Handler               [WEAK
]
  170 0000002A E7FE            B                .
  171 0000002C                 ENDP
  172 0000002C         PendSV_Handler
                               PROC
  173 0000002C                 EXPORT           PendSV_Handler            [WEAK
]
  174 0000002C E7FE            B                .
  175 0000002E                 ENDP
  176 0000002E         SysTick_Handler
                               PROC
  177 0000002E                 EXPORT           SysTick_Handler           [WEAK
]
  178 0000002E E7FE            B                .
  179 00000030                 ENDP
  180 00000030         
  181 00000030         Default_Handler
                               PROC
  182 00000030         
  183 00000030                 EXPORT           BOD_IRQHandler            [WEAK
]
  184 00000030                 EXPORT           WDT_IRQHandler            [WEAK
]
  185 00000030                 EXPORT           EINT0_IRQHandler          [WEAK
]
  186 00000030                 EXPORT           EINT1_IRQHandler          [WEAK
]
  187 00000030                 EXPORT           GPIOP0P1_IRQHandler       [WEAK
]
  188 00000030                 EXPORT           GPIOP2P3P4_IRQHandler     [WEAK
]
  189 00000030                 EXPORT           PWMA_IRQHandler           [WEAK
]
  190 00000030                 EXPORT           PWMB_IRQHandler           [WEAK
]
  191 00000030                 EXPORT           TMR0_IRQHandler           [WEAK
]
  192 00000030                 EXPORT           TMR1_IRQHandler           [WEAK
]
  193 00000030                 EXPORT           TMR2_IRQHandler           [WEAK
]
  194 00000030                 EXPORT           TMR3_IRQHandler           [WEAK
]
  195 00000030                 EXPORT           UART0_IRQHandler          [WEAK
]
  196 00000030                 EXPORT           UART1_IRQHandler          [WEAK
]
  197 00000030                 EXPORT           SPI0_IRQHandler           [WEAK
]
  198 00000030                 EXPORT           SPI1_IRQHandler           [WEAK
]



ARM Macro Assembler    Page 5 


  199 00000030                 EXPORT           SPI2_IRQHandler           [WEAK
]
  200 00000030                 EXPORT           SPI3_IRQHandler           [WEAK
]
  201 00000030                 EXPORT           I2C_IRQHandler            [WEAK
]
  202 00000030                 EXPORT           PWRWU_IRQHandler          [WEAK
]
  203 00000030                 EXPORT           ADC_IRQHandler            [WEAK
]
  204 00000030         
  205 00000030         BOD_IRQHandler
  206 00000030         WDT_IRQHandler
  207 00000030         EINT0_IRQHandler
  208 00000030         EINT1_IRQHandler
  209 00000030         GPIOP0P1_IRQHandler
  210 00000030         GPIOP2P3P4_IRQHandler
  211 00000030         PWMA_IRQHandler
  212 00000030         PWMB_IRQHandler
  213 00000030         TMR0_IRQHandler
  214 00000030         TMR1_IRQHandler
  215 00000030         TMR2_IRQHandler
  216 00000030         TMR3_IRQHandler
  217 00000030         UART0_IRQHandler
  218 00000030         UART1_IRQHandler
  219 00000030         SPI0_IRQHandler
  220 00000030         SPI1_IRQHandler
  221 00000030         SPI2_IRQHandler
  222 00000030         SPI3_IRQHandler
  223 00000030         I2C_IRQHandler
  224 00000030         PWRWU_IRQHandler
  225 00000030         ADC_IRQHandler
  226 00000030 E7FE            B                .
  227 00000032                 ENDP
  228 00000032         
  229 00000032         
  230 00000032 00 00           ALIGN
  231 00000034         
  232 00000034         
  233 00000034         ; User Initial Stack & Heap
  234 00000034         
  235 00000034                 IF               :DEF:__MICROLIB
  236 00000034         
  237 00000034                 EXPORT           __initial_sp
  238 00000034                 EXPORT           __heap_base
  239 00000034                 EXPORT           __heap_limit
  240 00000034         
  241 00000034                 ELSE
  255                          ENDIF
  256 00000034                 IF               SEMIHOSTED
  288                          ENDIF
  289 00000034         
  290 00000034         
  291 00000034                 END
              50000100 
              00000059 
              00000016 
              00000088 
              50000024 



ARM Macro Assembler    Page 6 


              00005AA5 
              50000380 
              0000001F 
              00000000 
              00000000 
Command Line: --debug --xref --diag_suppress=9931 --cpu=Cortex-M0 --apcs=interw
ork --depend=.\objects\startup_m051series.d -o.\objects\startup_m051series.o -I
E:\2016\ÖÇÄÜ¶æ»ú\Neuron_servo_MP6515\keil\RTE -ID:\Keil_v5\ARM\PACK\Nuvoton\NuM
icro_DFP\1.0.8\Device\M051\Include -ID:\Keil_v5\ARM\CMSIS\Include --predefine="
__MICROLIB SETA 1" --predefine="__UVISION_VERSION SETA 514" --list=.\listings\s
tartup_m051series.lst startup_M051Series.s



ARM Macro Assembler    Page 1 Alphabetic symbol ordering
Relocatable symbols

STACK 00000000

Symbol: STACK
   Definitions
      At line 20 in file startup_M051Series.s
   Uses
      None
Comment: STACK unused
Stack_Mem 00000000

Symbol: Stack_Mem
   Definitions
      At line 21 in file startup_M051Series.s
   Uses
      None
Comment: Stack_Mem unused
__initial_sp 00000800

Symbol: __initial_sp
   Definitions
      At line 22 in file startup_M051Series.s
   Uses
      At line 45 in file startup_M051Series.s
      At line 237 in file startup_M051Series.s

3 symbols



ARM Macro Assembler    Page 1 Alphabetic symbol ordering
Relocatable symbols

HEAP 00000000

Symbol: HEAP
   Definitions
      At line 31 in file startup_M051Series.s
   Uses
      None
Comment: HEAP unused
Heap_Mem 00000000

Symbol: Heap_Mem
   Definitions
      At line 33 in file startup_M051Series.s
   Uses
      None
Comment: Heap_Mem unused
__heap_base 00000000

Symbol: __heap_base
   Definitions
      At line 32 in file startup_M051Series.s
   Uses
      At line 238 in file startup_M051Series.s
Comment: __heap_base used once
__heap_limit 00000200

Symbol: __heap_limit
   Definitions
      At line 34 in file startup_M051Series.s
   Uses
      At line 239 in file startup_M051Series.s
Comment: __heap_limit used once
4 symbols



ARM Macro Assembler    Page 1 Alphabetic symbol ordering
Relocatable symbols

RESET 00000000

Symbol: RESET
   Definitions
      At line 42 in file startup_M051Series.s
   Uses
      None
Comment: RESET unused
__Vectors 00000000

Symbol: __Vectors
   Definitions
      At line 45 in file startup_M051Series.s
   Uses
      At line 43 in file startup_M051Series.s
Comment: __Vectors used once
2 symbols



ARM Macro Assembler    Page 1 Alphabetic symbol ordering
Relocatable symbols

.text 00000000

Symbol: .text
   Definitions
      At line 98 in file startup_M051Series.s
   Uses
      None
Comment: .text unused
ADC_IRQHandler 00000030

Symbol: ADC_IRQHandler
   Definitions
      At line 225 in file startup_M051Series.s
   Uses
      At line 93 in file startup_M051Series.s
      At line 203 in file startup_M051Series.s

BOD_IRQHandler 00000030

Symbol: BOD_IRQHandler
   Definitions
      At line 205 in file startup_M051Series.s
   Uses
      At line 64 in file startup_M051Series.s
      At line 183 in file startup_M051Series.s

Default_Handler 00000030

Symbol: Default_Handler
   Definitions
      At line 181 in file startup_M051Series.s
   Uses
      At line 83 in file startup_M051Series.s
      At line 84 in file startup_M051Series.s
      At line 85 in file startup_M051Series.s
      At line 86 in file startup_M051Series.s
      At line 87 in file startup_M051Series.s
      At line 88 in file startup_M051Series.s
      At line 89 in file startup_M051Series.s
      At line 90 in file startup_M051Series.s
      At line 91 in file startup_M051Series.s
      At line 94 in file startup_M051Series.s
      At line 95 in file startup_M051Series.s

EINT0_IRQHandler 00000030

Symbol: EINT0_IRQHandler
   Definitions
      At line 207 in file startup_M051Series.s
   Uses
      At line 66 in file startup_M051Series.s
      At line 185 in file startup_M051Series.s

EINT1_IRQHandler 00000030

Symbol: EINT1_IRQHandler
   Definitions
      At line 208 in file startup_M051Series.s
   Uses



ARM Macro Assembler    Page 2 Alphabetic symbol ordering
Relocatable symbols

      At line 67 in file startup_M051Series.s
      At line 186 in file startup_M051Series.s

GPIOP0P1_IRQHandler 00000030

Symbol: GPIOP0P1_IRQHandler
   Definitions
      At line 209 in file startup_M051Series.s
   Uses
      At line 68 in file startup_M051Series.s
      At line 187 in file startup_M051Series.s

GPIOP2P3P4_IRQHandler 00000030

Symbol: GPIOP2P3P4_IRQHandler
   Definitions
      At line 210 in file startup_M051Series.s
   Uses
      At line 69 in file startup_M051Series.s
      At line 188 in file startup_M051Series.s

HardFault_Handler 00000028

Symbol: HardFault_Handler
   Definitions
      At line 150 in file startup_M051Series.s
   Uses
      At line 48 in file startup_M051Series.s
      At line 151 in file startup_M051Series.s

I2C_IRQHandler 00000030

Symbol: I2C_IRQHandler
   Definitions
      At line 223 in file startup_M051Series.s
   Uses
      At line 82 in file startup_M051Series.s
      At line 201 in file startup_M051Series.s

NMI_Handler 00000026

Symbol: NMI_Handler
   Definitions
      At line 145 in file startup_M051Series.s
   Uses
      At line 47 in file startup_M051Series.s
      At line 146 in file startup_M051Series.s

PWMA_IRQHandler 00000030

Symbol: PWMA_IRQHandler
   Definitions
      At line 211 in file startup_M051Series.s
   Uses
      At line 70 in file startup_M051Series.s
      At line 189 in file startup_M051Series.s

PWMB_IRQHandler 00000030




ARM Macro Assembler    Page 3 Alphabetic symbol ordering
Relocatable symbols

Symbol: PWMB_IRQHandler
   Definitions
      At line 212 in file startup_M051Series.s
   Uses
      At line 71 in file startup_M051Series.s
      At line 190 in file startup_M051Series.s

PWRWU_IRQHandler 00000030

Symbol: PWRWU_IRQHandler
   Definitions
      At line 224 in file startup_M051Series.s
   Uses
      At line 92 in file startup_M051Series.s
      At line 202 in file startup_M051Series.s

PendSV_Handler 0000002C

Symbol: PendSV_Handler
   Definitions
      At line 172 in file startup_M051Series.s
   Uses
      At line 59 in file startup_M051Series.s
      At line 173 in file startup_M051Series.s

Reset_Handler 00000000

Symbol: Reset_Handler
   Definitions
      At line 106 in file startup_M051Series.s
   Uses
      At line 46 in file startup_M051Series.s
      At line 107 in file startup_M051Series.s

SPI0_IRQHandler 00000030

Symbol: SPI0_IRQHandler
   Definitions
      At line 219 in file startup_M051Series.s
   Uses
      At line 78 in file startup_M051Series.s
      At line 197 in file startup_M051Series.s

SPI1_IRQHandler 00000030

Symbol: SPI1_IRQHandler
   Definitions
      At line 220 in file startup_M051Series.s
   Uses
      At line 79 in file startup_M051Series.s
      At line 198 in file startup_M051Series.s

SPI2_IRQHandler 00000030

Symbol: SPI2_IRQHandler
   Definitions
      At line 221 in file startup_M051Series.s
   Uses
      At line 80 in file startup_M051Series.s



ARM Macro Assembler    Page 4 Alphabetic symbol ordering
Relocatable symbols

      At line 199 in file startup_M051Series.s

SPI3_IRQHandler 00000030

Symbol: SPI3_IRQHandler
   Definitions
      At line 222 in file startup_M051Series.s
   Uses
      At line 81 in file startup_M051Series.s
      At line 200 in file startup_M051Series.s

SVC_Handler 0000002A

Symbol: SVC_Handler
   Definitions
      At line 168 in file startup_M051Series.s
   Uses
      At line 56 in file startup_M051Series.s
      At line 169 in file startup_M051Series.s

SysTick_Handler 0000002E

Symbol: SysTick_Handler
   Definitions
      At line 176 in file startup_M051Series.s
   Uses
      At line 60 in file startup_M051Series.s
      At line 177 in file startup_M051Series.s

TMR0_IRQHandler 00000030

Symbol: TMR0_IRQHandler
   Definitions
      At line 213 in file startup_M051Series.s
   Uses
      At line 72 in file startup_M051Series.s
      At line 191 in file startup_M051Series.s

TMR1_IRQHandler 00000030

Symbol: TMR1_IRQHandler
   Definitions
      At line 214 in file startup_M051Series.s
   Uses
      At line 73 in file startup_M051Series.s
      At line 192 in file startup_M051Series.s

TMR2_IRQHandler 00000030

Symbol: TMR2_IRQHandler
   Definitions
      At line 215 in file startup_M051Series.s
   Uses
      At line 74 in file startup_M051Series.s
      At line 193 in file startup_M051Series.s

TMR3_IRQHandler 00000030

Symbol: TMR3_IRQHandler



ARM Macro Assembler    Page 5 Alphabetic symbol ordering
Relocatable symbols

   Definitions
      At line 216 in file startup_M051Series.s
   Uses
      At line 75 in file startup_M051Series.s
      At line 194 in file startup_M051Series.s

UART0_IRQHandler 00000030

Symbol: UART0_IRQHandler
   Definitions
      At line 217 in file startup_M051Series.s
   Uses
      At line 76 in file startup_M051Series.s
      At line 195 in file startup_M051Series.s

UART1_IRQHandler 00000030

Symbol: UART1_IRQHandler
   Definitions
      At line 218 in file startup_M051Series.s
   Uses
      At line 77 in file startup_M051Series.s
      At line 196 in file startup_M051Series.s

WDT_IRQHandler 00000030

Symbol: WDT_IRQHandler
   Definitions
      At line 206 in file startup_M051Series.s
   Uses
      At line 65 in file startup_M051Series.s
      At line 184 in file startup_M051Series.s

29 symbols



ARM Macro Assembler    Page 1 Alphabetic symbol ordering
Absolute symbols

Heap_Size 00000200

Symbol: Heap_Size
   Definitions
      At line 29 in file startup_M051Series.s
   Uses
      At line 33 in file startup_M051Series.s
Comment: Heap_Size used once
Stack_Size 00000800

Symbol: Stack_Size
   Definitions
      At line 18 in file startup_M051Series.s
   Uses
      At line 21 in file startup_M051Series.s
Comment: Stack_Size used once
2 symbols



ARM Macro Assembler    Page 1 Alphabetic symbol ordering
External symbols

SystemInit 00000000

Symbol: SystemInit
   Definitions
      At line 108 in file startup_M051Series.s
   Uses
      At line 135 in file startup_M051Series.s
Comment: SystemInit used once
__main 00000000

Symbol: __main
   Definitions
      At line 109 in file startup_M051Series.s
   Uses
      At line 137 in file startup_M051Series.s
Comment: __main used once
2 symbols
377 symbols in table
