


ARM Macro Assembler    Page 1 


    1 00000000         ;/******************************************************
                       ************************
    2 00000000         ; * @file     startup_Mini58Series.s
    3 00000000         ; * @version  V1.00
    4 00000000         ; * $Revision: 2 $
    5 00000000         ; * $Date: 15/05/26 10:11a $ 
    6 00000000         ; * @brief    CMSIS ARM Cortex-M0 Core Device Startup Fi
                       le
    7 00000000         ; *
    8 00000000         ; * @note
    9 00000000         ; * Copyright (C) 2015 Nuvoton Technology Corp. All righ
                       ts reserved.
   10 00000000         ;*******************************************************
                       **********************/  
   11 00000000                 IF               :LNOT: :DEF: Stack_Size
   13                          ENDIF
   14 00000000         
   15 00000000                 AREA             STACK, NOINIT, READWRITE, ALIGN
=3
   16 00000000         Stack_Mem
                               SPACE            Stack_Size
   17 00000200         __initial_sp
   18 00000200         
   19 00000200         
   20 00000200         ; <h> Heap Configuration
   21 00000200         ;   <o>  Heap Size (in Bytes) <0x0-0xFFFFFFFF:8>
   22 00000200         ; </h>
   23 00000200                 IF               :LNOT: :DEF: Heap_Size
   25                          ENDIF
   26 00000200                 AREA             HEAP, NOINIT, READWRITE, ALIGN=
3
   27 00000000         __heap_base
   28 00000000         Heap_Mem
                               SPACE            Heap_Size
   29 00000000         __heap_limit
   30 00000000         
   31 00000000         
   32 00000000                 PRESERVE8
   33 00000000                 THUMB
   34 00000000         
   35 00000000         
   36 00000000         ; Vector Table Mapped to Address 0 at Reset
   37 00000000                 AREA             RESET, DATA, READONLY
   38 00000000                 EXPORT           __Vectors
   39 00000000         
   40 00000000 00000000 
                       __Vectors
                               DCD              __initial_sp ; Top of Stack
   41 00000004 00000000        DCD              Reset_Handler ; Reset Handler
   42 00000008 00000000        DCD              NMI_Handler ; NMI Handler
   43 0000000C 00000000        DCD              HardFault_Handler ; Hard Fault 
                                                            Handler
   44 00000010 00000000        DCD              0           ; Reserved
   45 00000014 00000000        DCD              0           ; Reserved
   46 00000018 00000000        DCD              0           ; Reserved
   47 0000001C 00000000        DCD              0           ; Reserved
   48 00000020 00000000        DCD              0           ; Reserved
   49 00000024 00000000        DCD              0           ; Reserved
   50 00000028 00000000        DCD              0           ; Reserved



ARM Macro Assembler    Page 2 


   51 0000002C 00000000        DCD              SVC_Handler ; SVCall Handler
   52 00000030 00000000        DCD              0           ; Reserved
   53 00000034 00000000        DCD              0           ; Reserved
   54 00000038 00000000        DCD              PendSV_Handler ; PendSV Handler
                                                            
   55 0000003C 00000000        DCD              SysTick_Handler 
                                                            ; SysTick Handler
   56 00000040         
   57 00000040         ; External Interrupts
   58 00000040         ; maximum of 32 External Interrupts are possible
   59 00000040 00000000        DCD              BOD_IRQHandler
   60 00000044 00000000        DCD              WDT_IRQHandler
   61 00000048 00000000        DCD              EINT0_IRQHandler
   62 0000004C 00000000        DCD              EINT1_IRQHandler
   63 00000050 00000000        DCD              GPIO01_IRQHandler
   64 00000054 00000000        DCD              GPIO234_IRQHandler
   65 00000058 00000000        DCD              PWM_IRQHandler
   66 0000005C 00000000        DCD              FB_IRQHandler
   67 00000060 00000000        DCD              TMR0_IRQHandler
   68 00000064 00000000        DCD              TMR1_IRQHandler
   69 00000068 00000000        DCD              Default_Handler
   70 0000006C 00000000        DCD              Default_Handler
   71 00000070 00000000        DCD              UART0_IRQHandler
   72 00000074 00000000        DCD              UART1_IRQHandler
   73 00000078 00000000        DCD              SPI_IRQHandler
   74 0000007C 00000000        DCD              Default_Handler
   75 00000080 00000000        DCD              GPIO5_IRQHandler
   76 00000084 00000000        DCD              HIRC_IRQHandler
   77 00000088 00000000        DCD              I2C0_IRQHandler
   78 0000008C 00000000        DCD              I2C1_IRQHandler
   79 00000090 00000000        DCD              Default_Handler
   80 00000094 00000000        DCD              Default_Handler
   81 00000098 00000000        DCD              Default_Handler
   82 0000009C 00000000        DCD              Default_Handler
   83 000000A0 00000000        DCD              Default_Handler
   84 000000A4 00000000        DCD              ACMP_IRQHandler
   85 000000A8 00000000        DCD              Default_Handler
   86 000000AC 00000000        DCD              Default_Handler
   87 000000B0 00000000        DCD              PDWU_IRQHandler
   88 000000B4 00000000        DCD              ADC_IRQHandler
   89 000000B8 00000000        DCD              Default_Handler
   90 000000BC 00000000        DCD              Default_Handler
   91 000000C0         
   92 000000C0         
   93 000000C0                 AREA             |.text|, CODE, READONLY
   94 00000000         
   95 00000000         
   96 00000000         
   97 00000000         ; Reset Handler 
   98 00000000         
   99 00000000                 ENTRY
  100 00000000         
  101 00000000         Reset_Handler
                               PROC
  102 00000000                 EXPORT           Reset_Handler             [WEAK
]
  103 00000000                 IMPORT           __main
  104 00000000         
  105 00000000 4806            LDR              R0, =__main



ARM Macro Assembler    Page 3 


  106 00000002 4700            BX               R0
  107 00000004                 ENDP
  108 00000004         
  109 00000004         
  110 00000004         
  111 00000004         ; Dummy Exception Handlers (infinite loops which can be 
                       modified)                
  112 00000004         
  113 00000004         NMI_Handler
                               PROC
  114 00000004                 EXPORT           NMI_Handler               [WEAK
]
  115 00000004 E7FE            B                .
  116 00000006                 ENDP
  118 00000006         HardFault_Handler
                               PROC
  119 00000006                 EXPORT           HardFault_Handler         [WEAK
]
  120 00000006 E7FE            B                .
  121 00000008                 ENDP
  122 00000008         SVC_Handler
                               PROC
  123 00000008                 EXPORT           SVC_Handler               [WEAK
]
  124 00000008 E7FE            B                .
  125 0000000A                 ENDP
  126 0000000A         PendSV_Handler
                               PROC
  127 0000000A                 EXPORT           PendSV_Handler            [WEAK
]
  128 0000000A E7FE            B                .
  129 0000000C                 ENDP
  130 0000000C         SysTick_Handler
                               PROC
  131 0000000C                 EXPORT           SysTick_Handler           [WEAK
]
  132 0000000C E7FE            B                .
  133 0000000E                 ENDP
  134 0000000E         
  135 0000000E         Default_Handler
                               PROC
  136 0000000E         
  137 0000000E                 EXPORT           BOD_IRQHandler            [WEAK
]
  138 0000000E                 EXPORT           WDT_IRQHandler            [WEAK
]
  139 0000000E                 EXPORT           EINT0_IRQHandler          [WEAK
]
  140 0000000E                 EXPORT           EINT1_IRQHandler          [WEAK
]
  141 0000000E                 EXPORT           GPIO01_IRQHandler         [WEAK
]
  142 0000000E                 EXPORT           GPIO234_IRQHandler        [WEAK
]
  143 0000000E                 EXPORT           PWM_IRQHandler            [WEAK
]
  144 0000000E                 EXPORT           FB_IRQHandler             [WEAK
]
  145 0000000E                 EXPORT           TMR0_IRQHandler           [WEAK



ARM Macro Assembler    Page 4 


]
  146 0000000E                 EXPORT           TMR1_IRQHandler           [WEAK
]
  147 0000000E                 EXPORT           UART0_IRQHandler          [WEAK
]
  148 0000000E                 EXPORT           UART1_IRQHandler          [WEAK
]
  149 0000000E                 EXPORT           SPI_IRQHandler            [WEAK
]
  150 0000000E                 EXPORT           GPIO5_IRQHandler          [WEAK
]
  151 0000000E                 EXPORT           HIRC_IRQHandler           [WEAK
]
  152 0000000E                 EXPORT           I2C0_IRQHandler           [WEAK
]
  153 0000000E                 EXPORT           I2C1_IRQHandler           [WEAK
]
  154 0000000E                 EXPORT           ACMP_IRQHandler           [WEAK
]
  155 0000000E                 EXPORT           PDWU_IRQHandler           [WEAK
]
  156 0000000E                 EXPORT           ADC_IRQHandler            [WEAK
]
  157 0000000E         
  158 0000000E         BOD_IRQHandler
  159 0000000E         WDT_IRQHandler
  160 0000000E         EINT0_IRQHandler
  161 0000000E         EINT1_IRQHandler
  162 0000000E         GPIO01_IRQHandler
  163 0000000E         GPIO234_IRQHandler
  164 0000000E         PWM_IRQHandler
  165 0000000E         FB_IRQHandler
  166 0000000E         TMR0_IRQHandler
  167 0000000E         TMR1_IRQHandler
  168 0000000E         UART0_IRQHandler
  169 0000000E         UART1_IRQHandler
  170 0000000E         SPI_IRQHandler
  171 0000000E         GPIO5_IRQHandler
  172 0000000E         HIRC_IRQHandler
  173 0000000E         I2C0_IRQHandler
  174 0000000E         I2C1_IRQHandler
  175 0000000E         ACMP_IRQHandler
  176 0000000E         PDWU_IRQHandler
  177 0000000E         ADC_IRQHandler
  178 0000000E E7FE            B                .
  179 00000010                 ENDP
  180 00000010         
  181 00000010         
  182 00000010                 ALIGN
  183 00000010         
  184 00000010         
  185 00000010         ; User Initial Stack & Heap
  186 00000010         
  187 00000010                 IF               :DEF:__MICROLIB
  194 00000010         
  195 00000010                 IMPORT           __use_two_region_memory
  196 00000010                 EXPORT           __user_initial_stackheap
  197 00000010         __user_initial_stackheap
  198 00000010         



ARM Macro Assembler    Page 5 


  199 00000010 4803            LDR              R0, =  Heap_Mem
  200 00000012 4904            LDR              R1, = (Stack_Mem + Stack_Size)
  201 00000014 4A02            LDR              R2, = (Heap_Mem +  Heap_Size)
  202 00000016 4B04            LDR              R3, = Stack_Mem
  203 00000018 4770            BX               LR
  204 0000001A         
  205 0000001A 00 00           ALIGN
  206 0000001C         
  207 0000001C                 ENDIF
  208 0000001C         
  209 0000001C         
  210 0000001C                 END
              00000000 
              00000000 
              00000200 
              00000000 
Command Line: --debug --xref --diag_suppress=9931 --cpu=Cortex-M0 --apcs=interw
ork --depend=.\objects\startup_mini58series.d -o.\objects\startup_mini58series.
o -IE:\2016\智能舵机\其它模块\neurons_mini58\app\app_mp9960\RTE -ID:\Keil_v5\AR
M\PACK\Nuvoton\NuMicro_DFP\1.0.8\Device\Mini58\Include -ID:\Keil_v5\ARM\CMSIS\I
nclude --predefine="__UVISION_VERSION SETA 514" --list=.\listings\startup_mini5
8series.lst ..\..\Library\Device\Nuvoton\Mini58Series\Source\ARM\startup_Mini58
Series.s



ARM Macro Assembler    Page 1 Alphabetic symbol ordering
Relocatable symbols

STACK 00000000

Symbol: STACK
   Definitions
      At line 15 in file ..\..\Library\Device\Nuvoton\Mini58Series\Source\ARM\s
tartup_Mini58Series.s
   Uses
      None
Comment: STACK unused
Stack_Mem 00000000

Symbol: Stack_Mem
   Definitions
      At line 16 in file ..\..\Library\Device\Nuvoton\Mini58Series\Source\ARM\s
tartup_Mini58Series.s
   Uses
      At line 200 in file ..\..\Library\Device\Nuvoton\Mini58Series\Source\ARM\
startup_Mini58Series.s
      At line 202 in file ..\..\Library\Device\Nuvoton\Mini58Series\Source\ARM\
startup_Mini58Series.s

__initial_sp 00000200

Symbol: __initial_sp
   Definitions
      At line 17 in file ..\..\Library\Device\Nuvoton\Mini58Series\Source\ARM\s
tartup_Mini58Series.s
   Uses
      At line 40 in file ..\..\Library\Device\Nuvoton\Mini58Series\Source\ARM\s
tartup_Mini58Series.s
Comment: __initial_sp used once
3 symbols



ARM Macro Assembler    Page 1 Alphabetic symbol ordering
Relocatable symbols

HEAP 00000000

Symbol: HEAP
   Definitions
      At line 26 in file ..\..\Library\Device\Nuvoton\Mini58Series\Source\ARM\s
tartup_Mini58Series.s
   Uses
      None
Comment: HEAP unused
Heap_Mem 00000000

Symbol: Heap_Mem
   Definitions
      At line 28 in file ..\..\Library\Device\Nuvoton\Mini58Series\Source\ARM\s
tartup_Mini58Series.s
   Uses
      At line 199 in file ..\..\Library\Device\Nuvoton\Mini58Series\Source\ARM\
startup_Mini58Series.s
      At line 201 in file ..\..\Library\Device\Nuvoton\Mini58Series\Source\ARM\
startup_Mini58Series.s

__heap_base 00000000

Symbol: __heap_base
   Definitions
      At line 27 in file ..\..\Library\Device\Nuvoton\Mini58Series\Source\ARM\s
tartup_Mini58Series.s
   Uses
      None
Comment: __heap_base unused
__heap_limit 00000000

Symbol: __heap_limit
   Definitions
      At line 29 in file ..\..\Library\Device\Nuvoton\Mini58Series\Source\ARM\s
tartup_Mini58Series.s
   Uses
      None
Comment: __heap_limit unused
4 symbols



ARM Macro Assembler    Page 1 Alphabetic symbol ordering
Relocatable symbols

RESET 00000000

Symbol: RESET
   Definitions
      At line 37 in file ..\..\Library\Device\Nuvoton\Mini58Series\Source\ARM\s
tartup_Mini58Series.s
   Uses
      None
Comment: RESET unused
__Vectors 00000000

Symbol: __Vectors
   Definitions
      At line 40 in file ..\..\Library\Device\Nuvoton\Mini58Series\Source\ARM\s
tartup_Mini58Series.s
   Uses
      At line 38 in file ..\..\Library\Device\Nuvoton\Mini58Series\Source\ARM\s
tartup_Mini58Series.s
Comment: __Vectors used once
2 symbols



ARM Macro Assembler    Page 1 Alphabetic symbol ordering
Relocatable symbols

.text 00000000

Symbol: .text
   Definitions
      At line 93 in file ..\..\Library\Device\Nuvoton\Mini58Series\Source\ARM\s
tartup_Mini58Series.s
   Uses
      None
Comment: .text unused
ACMP_IRQHandler 0000000E

Symbol: ACMP_IRQHandler
   Definitions
      At line 175 in file ..\..\Library\Device\Nuvoton\Mini58Series\Source\ARM\
startup_Mini58Series.s
   Uses
      At line 84 in file ..\..\Library\Device\Nuvoton\Mini58Series\Source\ARM\s
tartup_Mini58Series.s
      At line 154 in file ..\..\Library\Device\Nuvoton\Mini58Series\Source\ARM\
startup_Mini58Series.s

ADC_IRQHandler 0000000E

Symbol: ADC_IRQHandler
   Definitions
      At line 177 in file ..\..\Library\Device\Nuvoton\Mini58Series\Source\ARM\
startup_Mini58Series.s
   Uses
      At line 88 in file ..\..\Library\Device\Nuvoton\Mini58Series\Source\ARM\s
tartup_Mini58Series.s
      At line 156 in file ..\..\Library\Device\Nuvoton\Mini58Series\Source\ARM\
startup_Mini58Series.s

BOD_IRQHandler 0000000E

Symbol: BOD_IRQHandler
   Definitions
      At line 158 in file ..\..\Library\Device\Nuvoton\Mini58Series\Source\ARM\
startup_Mini58Series.s
   Uses
      At line 59 in file ..\..\Library\Device\Nuvoton\Mini58Series\Source\ARM\s
tartup_Mini58Series.s
      At line 137 in file ..\..\Library\Device\Nuvoton\Mini58Series\Source\ARM\
startup_Mini58Series.s

Default_Handler 0000000E

Symbol: Default_Handler
   Definitions
      At line 135 in file ..\..\Library\Device\Nuvoton\Mini58Series\Source\ARM\
startup_Mini58Series.s
   Uses
      At line 69 in file ..\..\Library\Device\Nuvoton\Mini58Series\Source\ARM\s
tartup_Mini58Series.s
      At line 70 in file ..\..\Library\Device\Nuvoton\Mini58Series\Source\ARM\s
tartup_Mini58Series.s
      At line 74 in file ..\..\Library\Device\Nuvoton\Mini58Series\Source\ARM\s
tartup_Mini58Series.s
      At line 79 in file ..\..\Library\Device\Nuvoton\Mini58Series\Source\ARM\s



ARM Macro Assembler    Page 2 Alphabetic symbol ordering
Relocatable symbols

tartup_Mini58Series.s
      At line 80 in file ..\..\Library\Device\Nuvoton\Mini58Series\Source\ARM\s
tartup_Mini58Series.s
      At line 81 in file ..\..\Library\Device\Nuvoton\Mini58Series\Source\ARM\s
tartup_Mini58Series.s
      At line 82 in file ..\..\Library\Device\Nuvoton\Mini58Series\Source\ARM\s
tartup_Mini58Series.s
      At line 83 in file ..\..\Library\Device\Nuvoton\Mini58Series\Source\ARM\s
tartup_Mini58Series.s
      At line 85 in file ..\..\Library\Device\Nuvoton\Mini58Series\Source\ARM\s
tartup_Mini58Series.s
      At line 86 in file ..\..\Library\Device\Nuvoton\Mini58Series\Source\ARM\s
tartup_Mini58Series.s
      At line 89 in file ..\..\Library\Device\Nuvoton\Mini58Series\Source\ARM\s
tartup_Mini58Series.s
      At line 90 in file ..\..\Library\Device\Nuvoton\Mini58Series\Source\ARM\s
tartup_Mini58Series.s

EINT0_IRQHandler 0000000E

Symbol: EINT0_IRQHandler
   Definitions
      At line 160 in file ..\..\Library\Device\Nuvoton\Mini58Series\Source\ARM\
startup_Mini58Series.s
   Uses
      At line 61 in file ..\..\Library\Device\Nuvoton\Mini58Series\Source\ARM\s
tartup_Mini58Series.s
      At line 139 in file ..\..\Library\Device\Nuvoton\Mini58Series\Source\ARM\
startup_Mini58Series.s

EINT1_IRQHandler 0000000E

Symbol: EINT1_IRQHandler
   Definitions
      At line 161 in file ..\..\Library\Device\Nuvoton\Mini58Series\Source\ARM\
startup_Mini58Series.s
   Uses
      At line 62 in file ..\..\Library\Device\Nuvoton\Mini58Series\Source\ARM\s
tartup_Mini58Series.s
      At line 140 in file ..\..\Library\Device\Nuvoton\Mini58Series\Source\ARM\
startup_Mini58Series.s

FB_IRQHandler 0000000E

Symbol: FB_IRQHandler
   Definitions
      At line 165 in file ..\..\Library\Device\Nuvoton\Mini58Series\Source\ARM\
startup_Mini58Series.s
   Uses
      At line 66 in file ..\..\Library\Device\Nuvoton\Mini58Series\Source\ARM\s
tartup_Mini58Series.s
      At line 144 in file ..\..\Library\Device\Nuvoton\Mini58Series\Source\ARM\
startup_Mini58Series.s

GPIO01_IRQHandler 0000000E

Symbol: GPIO01_IRQHandler
   Definitions
      At line 162 in file ..\..\Library\Device\Nuvoton\Mini58Series\Source\ARM\



ARM Macro Assembler    Page 3 Alphabetic symbol ordering
Relocatable symbols

startup_Mini58Series.s
   Uses
      At line 63 in file ..\..\Library\Device\Nuvoton\Mini58Series\Source\ARM\s
tartup_Mini58Series.s
      At line 141 in file ..\..\Library\Device\Nuvoton\Mini58Series\Source\ARM\
startup_Mini58Series.s

GPIO234_IRQHandler 0000000E

Symbol: GPIO234_IRQHandler
   Definitions
      At line 163 in file ..\..\Library\Device\Nuvoton\Mini58Series\Source\ARM\
startup_Mini58Series.s
   Uses
      At line 64 in file ..\..\Library\Device\Nuvoton\Mini58Series\Source\ARM\s
tartup_Mini58Series.s
      At line 142 in file ..\..\Library\Device\Nuvoton\Mini58Series\Source\ARM\
startup_Mini58Series.s

GPIO5_IRQHandler 0000000E

Symbol: GPIO5_IRQHandler
   Definitions
      At line 171 in file ..\..\Library\Device\Nuvoton\Mini58Series\Source\ARM\
startup_Mini58Series.s
   Uses
      At line 75 in file ..\..\Library\Device\Nuvoton\Mini58Series\Source\ARM\s
tartup_Mini58Series.s
      At line 150 in file ..\..\Library\Device\Nuvoton\Mini58Series\Source\ARM\
startup_Mini58Series.s

HIRC_IRQHandler 0000000E

Symbol: HIRC_IRQHandler
   Definitions
      At line 172 in file ..\..\Library\Device\Nuvoton\Mini58Series\Source\ARM\
startup_Mini58Series.s
   Uses
      At line 76 in file ..\..\Library\Device\Nuvoton\Mini58Series\Source\ARM\s
tartup_Mini58Series.s
      At line 151 in file ..\..\Library\Device\Nuvoton\Mini58Series\Source\ARM\
startup_Mini58Series.s

HardFault_Handler 00000006

Symbol: HardFault_Handler
   Definitions
      At line 118 in file ..\..\Library\Device\Nuvoton\Mini58Series\Source\ARM\
startup_Mini58Series.s
   Uses
      At line 43 in file ..\..\Library\Device\Nuvoton\Mini58Series\Source\ARM\s
tartup_Mini58Series.s
      At line 119 in file ..\..\Library\Device\Nuvoton\Mini58Series\Source\ARM\
startup_Mini58Series.s

I2C0_IRQHandler 0000000E

Symbol: I2C0_IRQHandler
   Definitions



ARM Macro Assembler    Page 4 Alphabetic symbol ordering
Relocatable symbols

      At line 173 in file ..\..\Library\Device\Nuvoton\Mini58Series\Source\ARM\
startup_Mini58Series.s
   Uses
      At line 77 in file ..\..\Library\Device\Nuvoton\Mini58Series\Source\ARM\s
tartup_Mini58Series.s
      At line 152 in file ..\..\Library\Device\Nuvoton\Mini58Series\Source\ARM\
startup_Mini58Series.s

I2C1_IRQHandler 0000000E

Symbol: I2C1_IRQHandler
   Definitions
      At line 174 in file ..\..\Library\Device\Nuvoton\Mini58Series\Source\ARM\
startup_Mini58Series.s
   Uses
      At line 78 in file ..\..\Library\Device\Nuvoton\Mini58Series\Source\ARM\s
tartup_Mini58Series.s
      At line 153 in file ..\..\Library\Device\Nuvoton\Mini58Series\Source\ARM\
startup_Mini58Series.s

NMI_Handler 00000004

Symbol: NMI_Handler
   Definitions
      At line 113 in file ..\..\Library\Device\Nuvoton\Mini58Series\Source\ARM\
startup_Mini58Series.s
   Uses
      At line 42 in file ..\..\Library\Device\Nuvoton\Mini58Series\Source\ARM\s
tartup_Mini58Series.s
      At line 114 in file ..\..\Library\Device\Nuvoton\Mini58Series\Source\ARM\
startup_Mini58Series.s

PDWU_IRQHandler 0000000E

Symbol: PDWU_IRQHandler
   Definitions
      At line 176 in file ..\..\Library\Device\Nuvoton\Mini58Series\Source\ARM\
startup_Mini58Series.s
   Uses
      At line 87 in file ..\..\Library\Device\Nuvoton\Mini58Series\Source\ARM\s
tartup_Mini58Series.s
      At line 155 in file ..\..\Library\Device\Nuvoton\Mini58Series\Source\ARM\
startup_Mini58Series.s

PWM_IRQHandler 0000000E

Symbol: PWM_IRQHandler
   Definitions
      At line 164 in file ..\..\Library\Device\Nuvoton\Mini58Series\Source\ARM\
startup_Mini58Series.s
   Uses
      At line 65 in file ..\..\Library\Device\Nuvoton\Mini58Series\Source\ARM\s
tartup_Mini58Series.s
      At line 143 in file ..\..\Library\Device\Nuvoton\Mini58Series\Source\ARM\
startup_Mini58Series.s

PendSV_Handler 0000000A

Symbol: PendSV_Handler



ARM Macro Assembler    Page 5 Alphabetic symbol ordering
Relocatable symbols

   Definitions
      At line 126 in file ..\..\Library\Device\Nuvoton\Mini58Series\Source\ARM\
startup_Mini58Series.s
   Uses
      At line 54 in file ..\..\Library\Device\Nuvoton\Mini58Series\Source\ARM\s
tartup_Mini58Series.s
      At line 127 in file ..\..\Library\Device\Nuvoton\Mini58Series\Source\ARM\
startup_Mini58Series.s

Reset_Handler 00000000

Symbol: Reset_Handler
   Definitions
      At line 101 in file ..\..\Library\Device\Nuvoton\Mini58Series\Source\ARM\
startup_Mini58Series.s
   Uses
      At line 41 in file ..\..\Library\Device\Nuvoton\Mini58Series\Source\ARM\s
tartup_Mini58Series.s
      At line 102 in file ..\..\Library\Device\Nuvoton\Mini58Series\Source\ARM\
startup_Mini58Series.s

SPI_IRQHandler 0000000E

Symbol: SPI_IRQHandler
   Definitions
      At line 170 in file ..\..\Library\Device\Nuvoton\Mini58Series\Source\ARM\
startup_Mini58Series.s
   Uses
      At line 73 in file ..\..\Library\Device\Nuvoton\Mini58Series\Source\ARM\s
tartup_Mini58Series.s
      At line 149 in file ..\..\Library\Device\Nuvoton\Mini58Series\Source\ARM\
startup_Mini58Series.s

SVC_Handler 00000008

Symbol: SVC_Handler
   Definitions
      At line 122 in file ..\..\Library\Device\Nuvoton\Mini58Series\Source\ARM\
startup_Mini58Series.s
   Uses
      At line 51 in file ..\..\Library\Device\Nuvoton\Mini58Series\Source\ARM\s
tartup_Mini58Series.s
      At line 123 in file ..\..\Library\Device\Nuvoton\Mini58Series\Source\ARM\
startup_Mini58Series.s

SysTick_Handler 0000000C

Symbol: SysTick_Handler
   Definitions
      At line 130 in file ..\..\Library\Device\Nuvoton\Mini58Series\Source\ARM\
startup_Mini58Series.s
   Uses
      At line 55 in file ..\..\Library\Device\Nuvoton\Mini58Series\Source\ARM\s
tartup_Mini58Series.s
      At line 131 in file ..\..\Library\Device\Nuvoton\Mini58Series\Source\ARM\
startup_Mini58Series.s

TMR0_IRQHandler 0000000E




ARM Macro Assembler    Page 6 Alphabetic symbol ordering
Relocatable symbols

Symbol: TMR0_IRQHandler
   Definitions
      At line 166 in file ..\..\Library\Device\Nuvoton\Mini58Series\Source\ARM\
startup_Mini58Series.s
   Uses
      At line 67 in file ..\..\Library\Device\Nuvoton\Mini58Series\Source\ARM\s
tartup_Mini58Series.s
      At line 145 in file ..\..\Library\Device\Nuvoton\Mini58Series\Source\ARM\
startup_Mini58Series.s

TMR1_IRQHandler 0000000E

Symbol: TMR1_IRQHandler
   Definitions
      At line 167 in file ..\..\Library\Device\Nuvoton\Mini58Series\Source\ARM\
startup_Mini58Series.s
   Uses
      At line 68 in file ..\..\Library\Device\Nuvoton\Mini58Series\Source\ARM\s
tartup_Mini58Series.s
      At line 146 in file ..\..\Library\Device\Nuvoton\Mini58Series\Source\ARM\
startup_Mini58Series.s

UART0_IRQHandler 0000000E

Symbol: UART0_IRQHandler
   Definitions
      At line 168 in file ..\..\Library\Device\Nuvoton\Mini58Series\Source\ARM\
startup_Mini58Series.s
   Uses
      At line 71 in file ..\..\Library\Device\Nuvoton\Mini58Series\Source\ARM\s
tartup_Mini58Series.s
      At line 147 in file ..\..\Library\Device\Nuvoton\Mini58Series\Source\ARM\
startup_Mini58Series.s

UART1_IRQHandler 0000000E

Symbol: UART1_IRQHandler
   Definitions
      At line 169 in file ..\..\Library\Device\Nuvoton\Mini58Series\Source\ARM\
startup_Mini58Series.s
   Uses
      At line 72 in file ..\..\Library\Device\Nuvoton\Mini58Series\Source\ARM\s
tartup_Mini58Series.s
      At line 148 in file ..\..\Library\Device\Nuvoton\Mini58Series\Source\ARM\
startup_Mini58Series.s

WDT_IRQHandler 0000000E

Symbol: WDT_IRQHandler
   Definitions
      At line 159 in file ..\..\Library\Device\Nuvoton\Mini58Series\Source\ARM\
startup_Mini58Series.s
   Uses
      At line 60 in file ..\..\Library\Device\Nuvoton\Mini58Series\Source\ARM\s
tartup_Mini58Series.s
      At line 138 in file ..\..\Library\Device\Nuvoton\Mini58Series\Source\ARM\
startup_Mini58Series.s

__user_initial_stackheap 00000010



ARM Macro Assembler    Page 7 Alphabetic symbol ordering
Relocatable symbols


Symbol: __user_initial_stackheap
   Definitions
      At line 197 in file ..\..\Library\Device\Nuvoton\Mini58Series\Source\ARM\
startup_Mini58Series.s
   Uses
      At line 196 in file ..\..\Library\Device\Nuvoton\Mini58Series\Source\ARM\
startup_Mini58Series.s
Comment: __user_initial_stackheap used once
29 symbols



ARM Macro Assembler    Page 1 Alphabetic symbol ordering
Absolute symbols

Heap_Size 00000000

Symbol: Heap_Size
   Definitions
      At line 24 in file ..\..\Library\Device\Nuvoton\Mini58Series\Source\ARM\s
tartup_Mini58Series.s
   Uses
      At line 28 in file ..\..\Library\Device\Nuvoton\Mini58Series\Source\ARM\s
tartup_Mini58Series.s
      At line 201 in file ..\..\Library\Device\Nuvoton\Mini58Series\Source\ARM\
startup_Mini58Series.s

Stack_Size 00000200

Symbol: Stack_Size
   Definitions
      At line 12 in file ..\..\Library\Device\Nuvoton\Mini58Series\Source\ARM\s
tartup_Mini58Series.s
   Uses
      At line 16 in file ..\..\Library\Device\Nuvoton\Mini58Series\Source\ARM\s
tartup_Mini58Series.s
      At line 200 in file ..\..\Library\Device\Nuvoton\Mini58Series\Source\ARM\
startup_Mini58Series.s

2 symbols



ARM Macro Assembler    Page 1 Alphabetic symbol ordering
External symbols

__main 00000000

Symbol: __main
   Definitions
      At line 103 in file ..\..\Library\Device\Nuvoton\Mini58Series\Source\ARM\
startup_Mini58Series.s
   Uses
      At line 105 in file ..\..\Library\Device\Nuvoton\Mini58Series\Source\ARM\
startup_Mini58Series.s
Comment: __main used once
__use_two_region_memory 00000000

Symbol: __use_two_region_memory
   Definitions
      At line 195 in file ..\..\Library\Device\Nuvoton\Mini58Series\Source\ARM\
startup_Mini58Series.s
   Uses
      None
Comment: __use_two_region_memory unused
2 symbols
379 symbols in table
